<?xml version="1.0" encoding="UTF-8"?>
<!-- Generated by org.testng.reporters.JUnitReportReporter -->
<testsuite hostname="Gauravs-MacBook-Pro.local" failures="0" tests="1" name="qedge.July19.Assert1" time="10.943" errors="0" timestamp="2021-07-20T08:46:24 PDT" skipped="0">
  <testcase classname="qedge.July19.Assert1" name="verifyTitle" time="10.943"/>
  <system-out/>
</testsuite> <!-- qedge.July19.Assert1 -->
