<?xml version="1.0" encoding="UTF-8"?>
<!-- Generated by org.testng.reporters.JUnitReportReporter -->
<testsuite hostname="Gauravs-MacBook-Pro.local" failures="0" tests="3" name="qedge.July20.Reporting" time="0.899" errors="0" timestamp="2021-07-20T13:08:42 PDT" skipped="0">
  <testcase classname="qedge.July20.Reporting" name="skipTest" time="0.042"/>
  <system-out/>
  <testcase classname="qedge.July20.Reporting" name="passTest" time="0.774"/>
  <system-out/>
  <testcase classname="qedge.July20.Reporting" name="failTest" time="0.083"/>
  <system-out/>
</testsuite> <!-- qedge.July20.Reporting -->
