<?xml version="1.0" encoding="UTF-8"?>
<!-- Generated by org.testng.reporters.JUnitReportReporter -->
<testsuite hostname="Gauravs-MacBook-Pro.local" failures="0" tests="3" name="qedge.July9.MultipleTime" time="31.539" errors="0" timestamp="2021-07-11T21:22:44 PDT" skipped="0">
  <testcase classname="qedge.July9.MultipleTime" name="verifylogin" time="4.384"/>
  <system-out/>
  <testcase classname="qedge.July9.MultipleTime" name="verifylogin" time="22.581"/>
  <system-out/>
  <testcase classname="qedge.July9.MultipleTime" name="verifylogin" time="4.574"/>
  <system-out/>
</testsuite> <!-- qedge.July9.MultipleTime -->
