<?xml version="1.0" encoding="UTF-8"?>
<!-- Generated by org.testng.reporters.JUnitReportReporter -->
<testsuite hostname="Gauravs-MacBook-Pro.local" failures="0" tests="1" name="qedge.July19.PropertyFile" time="5.726" errors="0" timestamp="2021-07-20T08:20:27 PDT" skipped="0">
  <testcase classname="qedge.July19.PropertyFile" name="verifyLogin" time="5.726"/>
  <system-out/>
</testsuite> <!-- qedge.July19.PropertyFile -->
