<?xml version="1.0" encoding="UTF-8"?>
<!-- Generated by org.testng.reporters.JUnitReportReporter -->
<testsuite hostname="Gauravs-MacBook-Pro.local" failures="0" tests="3" name="qedge.july6.DemoTestNG" time="0.012" errors="0" timestamp="2021-07-06T09:07:22 PDT" skipped="0">
  <testcase classname="qedge.july6.DemoTestNG" name="login" time="0.002"/>
  <system-out>
Executing login testcase  </system-out>
  <testcase classname="qedge.july6.DemoTestNG" name="reply" time="0.003"/>
  <system-out>
Executing reply testcase  </system-out>
  <testcase classname="qedge.july6.DemoTestNG" name="compose" time="0.007"/>
  <system-out>
Executing compose testcase  </system-out>
</testsuite> <!-- qedge.july6.DemoTestNG -->
