<?xml version="1.0" encoding="UTF-8"?>
<!-- Generated by org.testng.reporters.JUnitReportReporter -->
<testsuite hostname="Gauravs-MacBook-Pro.local" failures="0" tests="4" name="qedge.July9.UsingDepends" time="13.222" errors="0" timestamp="2021-07-11T21:22:44 PDT" skipped="0">
  <testcase classname="qedge.July9.UsingDepends" name="branches" time="3.342"/>
  <system-out/>
  <testcase classname="qedge.July9.UsingDepends" name="roles" time="3.254"/>
  <system-out/>
  <testcase classname="qedge.July9.UsingDepends" name="users" time="3.318"/>
  <system-out/>
  <testcase classname="qedge.July9.UsingDepends" name="Employee" time="3.308"/>
  <system-out/>
</testsuite> <!-- qedge.July9.UsingDepends -->
