<?xml version="1.0" encoding="UTF-8"?>
<!-- Generated by org.testng.reporters.JUnitReportReporter -->
<testsuite hostname="Gauravs-MBP.attlocal.net" failures="0" tests="2" name="driverFactory.TestScript" time="84.941" errors="0" timestamp="2021-08-02T10:20:15 PDT" skipped="0">
  <testcase classname="driverFactory.TestScript" name="empvalidation" time="34.305"/>
  <system-out>
Add emp success::empNumber   http://orangehrm.qedgetech.com/symfony/web/index.php/pim/viewPersonalDetails/empNumber/510  </system-out>
  <testcase classname="driverFactory.TestScript" name="uservalidation" time="50.636"/>
  <system-out>
User added fail::viewSystemUsers   http://orangehrm.qedgetech.com/symfony/web/index.php/admin/saveSystemUser  </system-out>
</testsuite> <!-- driverFactory.TestScript -->
