<?xml version="1.0" encoding="UTF-8"?>
<!-- Generated by org.testng.reporters.JUnitReportReporter -->
<testsuite hostname="Gauravs-MacBook-Pro.local" failures="0" tests="1" name="qedge.July19.Assert3" time="9.452" errors="0" timestamp="2021-07-20T08:57:52 PDT" skipped="0">
  <testcase classname="qedge.July19.Assert3" name="verifyTitle" time="9.452"/>
  <system-out/>
</testsuite> <!-- qedge.July19.Assert3 -->
