<?xml version="1.0" encoding="UTF-8"?>
<!-- Generated by org.testng.reporters.JUnitReportReporter -->
<testsuite hostname="Gauravs-MBP.attlocal.net" failures="0" tests="4" name="qedge.Aug7.OrangeHRM" time="7.424" errors="0" timestamp="2021-08-10T17:46:21 PDT" skipped="0">
  <testcase classname="qedge.Aug7.OrangeHRM" name="VerifyLogin" time="0.860"/>
  <system-out>
Login Fail  </system-out>
  <testcase classname="qedge.Aug7.OrangeHRM" name="VerifyLogin" time="0.951"/>
  <system-out>
Login Fail  </system-out>
  <testcase classname="qedge.Aug7.OrangeHRM" name="VerifyLogin" time="1.327"/>
  <system-out>
Login Success  </system-out>
  <testcase classname="qedge.Aug7.OrangeHRM" name="VerifyLogin" time="4.286"/>
  <system-out>
Login Success  </system-out>
</testsuite> <!-- qedge.Aug7.OrangeHRM -->
