<?xml version="1.0" encoding="UTF-8"?>
<!-- Generated by org.testng.reporters.JUnitReportReporter -->
<testsuite hostname="Gauravs-MacBook-Pro.local" failures="0" tests="3" name="qedge.July7.TestNGDemo" time="27.447" errors="0" timestamp="2021-07-11T20:54:03 PDT" skipped="0">
  <testcase classname="qedge.July7.TestNGDemo" name="ibanking" time="9.034"/>
  <system-out>
ibanking test case  </system-out>
  <testcase classname="qedge.July7.TestNGDemo" name="pbanking" time="9.261"/>
  <system-out>
pbanking test case  </system-out>
  <testcase classname="qedge.July7.TestNGDemo" name="cbanking" time="9.152"/>
  <system-out>
cbanking test case  </system-out>
</testsuite> <!-- qedge.July7.TestNGDemo -->
