<?xml version="1.0" encoding="UTF-8"?>
<!-- Generated by org.testng.reporters.JUnitReportReporter -->
<testsuite hostname="Gauravs-MacBook-Pro.local" failures="0" tests="3" name="qedge.July9.Demo1Dependent" time="22.320" errors="0" timestamp="2021-07-11T21:22:44 PDT" skipped="1">
  <testcase classname="qedge.July9.Demo1Dependent" name="cbanking" time="9.469"/>
  <system-out>
cbanking test case  </system-out>
  <testcase classname="qedge.July9.Demo1Dependent" name="pbanking" time="12.851"/>
  <system-out>
pbanking test case  </system-out>
  <testcase classname="qedge.July9.Demo1Dependent" name="ibanking">
    <skipped/>
  </testcase> <!-- ibanking -->
  <system-out/>
</testsuite> <!-- qedge.July9.Demo1Dependent -->
